2013-10-02 08:43:29 Error: [MissingControllerException] Controller class JsController could not be found.
Exception Attributes: array (
  'class' => 'JsController',
  'plugin' => NULL,
)
Request URL: /estore/js/toplinks.js
Stack Trace:
#0 C:\wamp\www\estore\app\webroot\index.php(110): Dispatcher->dispatch(Object(CakeRequest), Object(CakeResponse))
#1 {main}
2013-10-02 08:43:37 Error: [MissingControllerException] Controller class JsController could not be found.
Exception Attributes: array (
  'class' => 'JsController',
  'plugin' => NULL,
)
Request URL: /estore/js/toplinks.js
Stack Trace:
#0 C:\wamp\www\estore\app\webroot\index.php(110): Dispatcher->dispatch(Object(CakeRequest), Object(CakeResponse))
#1 {main}
2013-10-02 10:47:07 Error: [MissingControllerException] Controller class JsController could not be found.
Exception Attributes: array (
  'class' => 'JsController',
  'plugin' => NULL,
)
Request URL: /estore/js/toplinks.js
Stack Trace:
#0 C:\wamp\www\estore\app\webroot\index.php(110): Dispatcher->dispatch(Object(CakeRequest), Object(CakeResponse))
#1 {main}
2013-10-02 11:02:00 Error: Fatal Error (1): Class 'Ups' not found in [C:\wamp\www\estore\app\Controller\UsersController.php, line 729]
2013-10-02 11:02:00 Error: [FatalErrorException] Class 'Ups' not found
Request URL: /estore/users/test
Stack Trace:
#0 C:\wamp\www\estore\lib\Cake\Error\ErrorHandler.php(205): ErrorHandler::handleFatalError(1, 'Class 'Ups' not...', 'C:\wamp\www\est...', 729)
#1 [internal function]: ErrorHandler::handleError(1, 'Class 'Ups' not...', 'C:\wamp\www\est...', 729, Array)
#2 C:\wamp\www\estore\lib\Cake\Core\App.php(931): call_user_func('ErrorHandler::h...', 1, 'Class 'Ups' not...', 'C:\wamp\www\est...', 729, Array)
#3 C:\wamp\www\estore\lib\Cake\Core\App.php(904): App::_checkFatalError()
#4 [internal function]: App::shutdown()
#5 {main}
2013-10-02 11:02:00 Error: [MissingControllerException] Controller class JsController could not be found.
Exception Attributes: array (
  'class' => 'JsController',
  'plugin' => NULL,
)
Request URL: /estore/js/toplinks.js
Stack Trace:
#0 C:\wamp\www\estore\app\webroot\index.php(110): Dispatcher->dispatch(Object(CakeRequest), Object(CakeResponse))
#1 {main}
2013-10-02 11:02:01 Error: [MissingControllerException] Controller class JsController could not be found.
Exception Attributes: array (
  'class' => 'JsController',
  'plugin' => NULL,
)
Request URL: /estore/js/toplinks.js
Stack Trace:
#0 C:\wamp\www\estore\app\webroot\index.php(110): Dispatcher->dispatch(Object(CakeRequest), Object(CakeResponse))
#1 {main}
2013-10-02 12:07:44 Error: [Exception] String could not be parsed as XML
Request URL: /estore/users/test
Stack Trace:
#0 C:\wamp\www\estore\app\Vendor\Ups.php(112): SimpleXMLElement->__construct('HTTP/1.1 100 Co...')
#1 C:\wamp\www\estore\app\Controller\UsersController.php(741): Ups->getRate('03', '90210', '20770', '0', '0', '0', '5')
#2 [internal function]: UsersController->test()
#3 C:\wamp\www\estore\lib\Cake\Controller\Controller.php(490): ReflectionMethod->invokeArgs(Object(UsersController), Array)
#4 C:\wamp\www\estore\lib\Cake\Routing\Dispatcher.php(187): Controller->invokeAction(Object(CakeRequest))
#5 C:\wamp\www\estore\lib\Cake\Routing\Dispatcher.php(162): Dispatcher->_invoke(Object(UsersController), Object(CakeRequest), Object(CakeResponse))
#6 C:\wamp\www\estore\app\webroot\index.php(110): Dispatcher->dispatch(Object(CakeRequest), Object(CakeResponse))
#7 {main}
2013-10-02 12:07:44 Error: [MissingControllerException] Controller class JsController could not be found.
Exception Attributes: array (
  'class' => 'JsController',
  'plugin' => NULL,
)
Request URL: /estore/js/toplinks.js
Stack Trace:
#0 C:\wamp\www\estore\app\webroot\index.php(110): Dispatcher->dispatch(Object(CakeRequest), Object(CakeResponse))
#1 {main}
2013-10-02 12:07:44 Error: [MissingControllerException] Controller class JsController could not be found.
Exception Attributes: array (
  'class' => 'JsController',
  'plugin' => NULL,
)
Request URL: /estore/js/toplinks.js
Stack Trace:
#0 C:\wamp\www\estore\app\webroot\index.php(110): Dispatcher->dispatch(Object(CakeRequest), Object(CakeResponse))
#1 {main}
